<?xml version="1.0" encoding="UTF-8"?>
<!-- Generated by org.testng.reporters.JUnitReportReporter -->
<testsuite hostname="Divagar" failures="0" tests="1" name="runner.TestRunner_03" time="122.974" errors="0" timestamp="2023-09-19T16:03:45 IST" skipped="0">
  <testcase classname="runner.TestRunner_03" name="runScenario" time="122.974"/>
</testsuite> <!-- runner.TestRunner_03 -->
