<?xml version="1.0" encoding="UTF-8"?>
<!-- Generated by org.testng.reporters.JUnitReportReporter -->
<testsuite hostname="Divagar" failures="0" tests="1" name="runner.TestRunner_04" time="29.439" errors="0" timestamp="2023-09-19T16:06:08 IST" skipped="0">
  <testcase classname="runner.TestRunner_04" name="runScenario" time="29.439"/>
</testsuite> <!-- runner.TestRunner_04 -->
