<?xml version="1.0" encoding="UTF-8"?>
<!-- Generated by org.testng.reporters.JUnitReportReporter -->
<testsuite hostname="Divagar" failures="0" tests="1" name="runner.TestRunner_01" time="92.066" errors="0" timestamp="2023-09-19T15:54:19 IST" skipped="0">
  <testcase classname="runner.TestRunner_01" name="runScenario" time="92.066"/>
</testsuite> <!-- runner.TestRunner_01 -->
