<?xml version="1.0" encoding="UTF-8"?>
<!-- Generated by org.testng.reporters.JUnitReportReporter -->
<testsuite hostname="Divagar" failures="0" tests="1" name="runner.TestRunner_02" time="37.654" errors="0" timestamp="2023-09-19T15:59:41 IST" skipped="0">
  <testcase classname="runner.TestRunner_02" name="runScenario" time="37.654"/>
</testsuite> <!-- runner.TestRunner_02 -->
