<?xml version="1.0" encoding="UTF-8"?>
<!-- Generated by org.testng.reporters.JUnitReportReporter -->
<testsuite hostname="Divagar" failures="0" tests="1" name="runner.TestRunner_07" time="38.401" errors="0" timestamp="2023-09-19T16:17:10 IST" skipped="0">
  <testcase classname="runner.TestRunner_07" name="runScenario" time="38.401"/>
</testsuite> <!-- runner.TestRunner_07 -->
