<?xml version="1.0" encoding="UTF-8"?>
<!-- Generated by org.testng.reporters.JUnitReportReporter -->
<testsuite hostname="Divagar" failures="0" tests="1" name="runner.TestRunner_05" time="31.604" errors="0" timestamp="2023-09-19T16:08:31 IST" skipped="0">
  <testcase classname="runner.TestRunner_05" name="runScenario" time="31.604"/>
</testsuite> <!-- runner.TestRunner_05 -->
